TN:
SF:src/index.ts
FN:1,getServiceStartupMessage
FNF:1
FNH:1
FNDA:1,getServiceStartupMessage
DA:2,1
LF:1
LH:1
BRF:0
BRH:0
end_of_record
TN:
SF:src/bots/client/client-bot-handlers.ts
FN:33,buildReferralCode
FN:37,ensureUser
FN:65,registerClientBotHandlers
FN:71,(anonymous_3)
FN:77,(anonymous_4)
FN:92,(anonymous_5)
FN:97,(anonymous_6)
FN:167,(anonymous_7)
FN:214,(anonymous_8)
FN:237,(anonymous_9)
FN:244,(anonymous_10)
FN:256,(anonymous_11)
FN:293,(anonymous_12)
FNF:13
FNH:12
FNDA:8,buildReferralCode
FNDA:8,ensureUser
FNDA:8,registerClientBotHandlers
FNDA:1,(anonymous_3)
FNDA:1,(anonymous_4)
FNDA:10,(anonymous_5)
FNDA:1,(anonymous_6)
FNDA:1,(anonymous_7)
FNDA:2,(anonymous_8)
FNDA:1,(anonymous_9)
FNDA:1,(anonymous_10)
FNDA:2,(anonymous_11)
FNDA:0,(anonymous_12)
DA:34,8
DA:41,8
DA:42,8
DA:43,0
DA:46,8
DA:48,8
DA:69,8
DA:71,8
DA:72,1
DA:74,1
DA:77,8
DA:78,1
DA:80,1
DA:87,1
DA:88,0
DA:89,0
DA:92,10
DA:94,1
DA:97,8
DA:98,1
DA:99,1
DA:100,0
DA:101,0
DA:104,1
DA:105,1
DA:107,1
DA:108,0
DA:109,0
DA:112,1
DA:113,1
DA:115,1
DA:116,0
DA:117,0
DA:120,1
DA:124,1
DA:125,0
DA:126,0
DA:129,1
DA:133,1
DA:134,1
DA:141,1
DA:145,1
DA:146,0
DA:154,1
DA:164,1
DA:167,8
DA:168,1
DA:169,1
DA:170,0
DA:171,0
DA:174,1
DA:175,1
DA:177,1
DA:178,0
DA:179,0
DA:182,1
DA:183,1
DA:184,0
DA:185,0
DA:188,1
DA:192,1
DA:193,0
DA:194,0
DA:197,1
DA:201,1
DA:202,0
DA:203,0
DA:206,1
DA:208,1
DA:209,1
DA:211,1
DA:214,8
DA:215,2
DA:216,2
DA:217,0
DA:218,0
DA:221,2
DA:232,2
DA:233,1
DA:234,1
DA:237,1
DA:238,1
DA:239,1
DA:240,1
DA:243,1
DA:244,1
DA:248,1
DA:256,8
DA:257,2
DA:258,2
DA:259,0
DA:260,0
DA:263,2
DA:268,2
DA:269,1
DA:270,1
DA:273,1
DA:275,1
DA:276,1
DA:282,1
DA:284,0
DA:285,0
DA:286,0
DA:289,0
DA:293,8
DA:294,0
DA:295,0
LF:107
LH:75
BRDA:42,0,0,0
BRDA:42,0,1,8
BRDA:87,1,0,0
BRDA:87,1,1,1
BRDA:99,2,0,0
BRDA:99,2,1,1
BRDA:104,3,0,1
BRDA:104,3,1,0
BRDA:107,4,0,0
BRDA:107,4,1,1
BRDA:115,5,0,0
BRDA:115,5,1,1
BRDA:115,6,0,1
BRDA:115,6,1,1
BRDA:115,6,2,1
BRDA:115,6,3,1
BRDA:124,7,0,0
BRDA:124,7,1,1
BRDA:133,8,0,1
BRDA:133,8,1,0
BRDA:145,9,0,0
BRDA:145,9,1,1
BRDA:169,10,0,0
BRDA:169,10,1,1
BRDA:174,11,0,1
BRDA:174,11,1,0
BRDA:177,12,0,0
BRDA:177,12,1,1
BRDA:183,13,0,0
BRDA:183,13,1,1
BRDA:183,14,0,1
BRDA:183,14,1,1
BRDA:192,15,0,0
BRDA:192,15,1,1
BRDA:201,16,0,0
BRDA:201,16,1,1
BRDA:209,17,0,1
BRDA:209,17,1,0
BRDA:216,18,0,0
BRDA:216,18,1,2
BRDA:232,19,0,1
BRDA:232,19,1,1
BRDA:232,20,0,2
BRDA:232,20,1,1
BRDA:258,21,0,0
BRDA:258,21,1,2
BRDA:268,22,0,1
BRDA:268,22,1,1
BRDA:268,23,0,2
BRDA:268,23,1,1
BRDA:284,24,0,0
BRDA:284,24,1,0
BRF:52
BRH:32
end_of_record
TN:
SF:src/bots/manager/manager-bot-handlers.ts
FN:26,getManager
FN:48,registerManagerBotHandlers
FN:54,(anonymous_2)
FN:68,(anonymous_3)
FN:90,(anonymous_4)
FN:96,(anonymous_5)
FN:141,(anonymous_6)
FN:186,(anonymous_7)
FNF:8
FNH:7
FNDA:7,getManager
FNDA:7,registerManagerBotHandlers
FNDA:2,(anonymous_2)
FNDA:1,(anonymous_3)
FNDA:3,(anonymous_4)
FNDA:2,(anonymous_5)
FNDA:2,(anonymous_6)
FNDA:0,(anonymous_7)
DA:30,7
DA:31,7
DA:32,0
DA:35,7
DA:37,7
DA:41,7
DA:42,1
DA:45,6
DA:52,7
DA:54,7
DA:55,2
DA:56,2
DA:57,1
DA:58,1
DA:61,1
DA:65,1
DA:68,7
DA:69,1
DA:70,1
DA:71,0
DA:72,0
DA:75,1
DA:84,1
DA:85,0
DA:86,0
DA:89,1
DA:90,3
DA:93,1
DA:96,7
DA:97,2
DA:98,2
DA:99,0
DA:100,0
DA:103,2
DA:104,2
DA:106,2
DA:107,0
DA:108,0
DA:111,2
DA:112,2
DA:113,0
DA:114,0
DA:117,2
DA:119,2
DA:120,1
DA:121,1
DA:124,1
DA:138,1
DA:141,7
DA:142,2
DA:143,2
DA:144,0
DA:145,0
DA:148,2
DA:149,2
DA:151,2
DA:152,0
DA:153,0
DA:156,2
DA:157,2
DA:158,0
DA:159,0
DA:162,2
DA:164,2
DA:165,1
DA:166,1
DA:169,1
DA:183,1
DA:186,7
DA:187,0
DA:188,0
DA:189,0
DA:190,0
DA:193,0
LF:74
LH:52
BRDA:31,0,0,0
BRDA:31,0,1,7
BRDA:41,1,0,1
BRDA:41,1,1,6
BRDA:41,2,0,7
BRDA:41,2,1,6
BRDA:56,3,0,1
BRDA:56,3,1,1
BRDA:70,4,0,0
BRDA:70,4,1,1
BRDA:84,5,0,0
BRDA:84,5,1,1
BRDA:98,6,0,0
BRDA:98,6,1,2
BRDA:103,7,0,2
BRDA:103,7,1,0
BRDA:106,8,0,0
BRDA:106,8,1,2
BRDA:112,9,0,0
BRDA:112,9,1,2
BRDA:112,10,0,2
BRDA:112,10,1,2
BRDA:119,11,0,1
BRDA:119,11,1,1
BRDA:119,12,0,2
BRDA:119,12,1,1
BRDA:143,13,0,0
BRDA:143,13,1,2
BRDA:148,14,0,2
BRDA:148,14,1,0
BRDA:151,15,0,0
BRDA:151,15,1,2
BRDA:157,16,0,0
BRDA:157,16,1,2
BRDA:157,17,0,2
BRDA:157,17,1,2
BRDA:164,18,0,1
BRDA:164,18,1,1
BRDA:164,19,0,2
BRDA:164,19,1,1
BRDA:188,20,0,0
BRDA:188,20,1,0
BRF:42
BRH:29
end_of_record
TN:
SF:src/config/app-config.ts
FN:38,loadAppConfigFromEnv
FN:43,(anonymous_1)
FN:44,(anonymous_2)
FNF:3
FNH:3
FNDA:3,loadAppConfigFromEnv
FNDA:1,(anonymous_1)
FNDA:1,(anonymous_2)
DA:20,1
DA:22,1
DA:39,3
DA:41,3
DA:42,1
DA:43,1
DA:44,1
DA:46,1
DA:47,1
DA:50,2
DA:52,2
DA:53,2
DA:54,0
DA:58,2
DA:59,0
DA:60,2
DA:61,2
DA:64,0
DA:67,2
DA:69,2
DA:70,0
DA:73,2
DA:74,0
DA:77,2
LF:24
LH:19
BRDA:41,0,0,1
BRDA:41,0,1,2
BRDA:46,1,0,1
BRDA:46,1,1,0
BRDA:53,2,0,0
BRDA:53,2,1,2
BRDA:53,3,0,2
BRDA:53,3,1,2
BRDA:58,4,0,0
BRDA:58,4,1,2
BRDA:60,5,0,2
BRDA:60,5,1,0
BRDA:64,6,0,0
BRDA:64,6,1,0
BRDA:69,7,0,0
BRDA:69,7,1,2
BRDA:69,8,0,2
BRDA:69,8,1,0
BRDA:73,9,0,0
BRDA:73,9,1,2
BRDA:73,10,0,2
BRDA:73,10,1,0
BRDA:89,11,0,2
BRDA:89,11,1,0
BRF:24
BRH:13
end_of_record
TN:
SF:src/i18n/index.ts
FNF:0
FNH:0
LF:0
LH:0
BRF:0
BRH:0
end_of_record
TN:
SF:src/i18n/texts.ts
FN:16,escapeMarkdown
FN:25,escapeMarkdownV2
FN:36,(anonymous_2)
FN:37,(anonymous_3)
FN:38,(anonymous_4)
FN:39,(anonymous_5)
FN:42,(anonymous_6)
FN:43,(anonymous_7)
FN:46,(anonymous_8)
FN:47,(anonymous_9)
FN:48,(anonymous_10)
FN:52,(anonymous_11)
FN:53,(anonymous_12)
FN:54,(anonymous_13)
FN:56,(anonymous_14)
FN:59,(anonymous_15)
FN:60,(anonymous_16)
FN:61,(anonymous_17)
FN:64,(anonymous_18)
FN:65,(anonymous_19)
FN:66,(anonymous_20)
FN:69,(anonymous_21)
FN:71,(anonymous_22)
FN:72,(anonymous_23)
FN:75,(anonymous_24)
FN:78,(anonymous_25)
FN:79,(anonymous_26)
FN:80,(anonymous_27)
FN:81,(anonymous_28)
FN:84,(anonymous_29)
FN:86,(anonymous_30)
FN:87,(anonymous_31)
FN:90,(anonymous_32)
FN:91,(anonymous_33)
FN:92,(anonymous_34)
FN:96,(anonymous_35)
FN:99,(anonymous_36)
FN:100,(anonymous_37)
FN:101,(anonymous_38)
FN:102,(anonymous_39)
FN:103,(anonymous_40)
FN:104,(anonymous_41)
FN:105,(anonymous_42)
FN:106,(anonymous_43)
FN:107,(anonymous_44)
FN:108,(anonymous_45)
FN:109,(anonymous_46)
FN:110,(anonymous_47)
FN:113,(anonymous_48)
FN:114,(anonymous_49)
FN:115,(anonymous_50)
FN:117,(anonymous_51)
FN:121,(anonymous_52)
FN:122,(anonymous_53)
FN:123,(anonymous_54)
FN:124,(anonymous_55)
FN:126,(anonymous_56)
FN:129,(anonymous_57)
FN:130,(anonymous_58)
FN:131,(anonymous_59)
FN:132,(anonymous_60)
FN:133,(anonymous_61)
FN:134,(anonymous_62)
FN:137,(anonymous_63)
FN:159,(anonymous_64)
FN:162,(anonymous_65)
FN:165,(anonymous_66)
FN:166,(anonymous_67)
FN:167,(anonymous_68)
FN:171,(anonymous_69)
FN:172,(anonymous_70)
FN:173,(anonymous_71)
FN:176,(anonymous_72)
FN:177,(anonymous_73)
FN:180,(anonymous_74)
FN:193,(anonymous_75)
FN:196,(anonymous_76)
FN:197,(anonymous_77)
FN:198,(anonymous_78)
FN:199,(anonymous_79)
FN:200,(anonymous_80)
FN:201,(anonymous_81)
FN:202,(anonymous_82)
FN:203,(anonymous_83)
FN:204,(anonymous_84)
FN:205,(anonymous_85)
FN:206,(anonymous_86)
FN:207,(anonymous_87)
FN:210,(anonymous_88)
FN:211,(anonymous_89)
FN:212,(anonymous_90)
FN:213,(anonymous_91)
FN:215,(anonymous_92)
FN:216,(anonymous_93)
FN:217,(anonymous_94)
FN:218,(anonymous_95)
FN:219,(anonymous_96)
FN:220,(anonymous_97)
FN:221,(anonymous_98)
FN:222,(anonymous_99)
FN:223,(anonymous_100)
FN:226,(anonymous_101)
FN:227,(anonymous_102)
FN:230,(anonymous_103)
FN:231,(anonymous_104)
FN:232,(anonymous_105)
FN:233,(anonymous_106)
FN:235,(anonymous_107)
FN:236,(anonymous_108)
FN:237,(anonymous_109)
FN:239,(anonymous_110)
FN:240,(anonymous_111)
FN:241,(anonymous_112)
FN:244,(anonymous_113)
FN:245,(anonymous_114)
FN:246,(anonymous_115)
FN:247,(anonymous_116)
FN:248,(anonymous_117)
FN:249,(anonymous_118)
FN:252,(anonymous_119)
FN:253,(anonymous_120)
FN:255,(anonymous_121)
FN:257,(anonymous_122)
FN:259,(anonymous_123)
FN:263,(anonymous_124)
FN:264,(anonymous_125)
FN:267,(anonymous_126)
FN:268,(anonymous_127)
FN:269,(anonymous_128)
FN:271,(anonymous_129)
FN:272,(anonymous_130)
FN:273,(anonymous_131)
FN:276,(anonymous_132)
FN:278,(anonymous_133)
FN:281,(anonymous_134)
FN:282,(anonymous_135)
FN:283,(anonymous_136)
FN:284,(anonymous_137)
FN:285,(anonymous_138)
FN:286,(anonymous_139)
FN:287,(anonymous_140)
FN:289,(anonymous_141)
FN:290,(anonymous_142)
FN:291,(anonymous_143)
FN:292,(anonymous_144)
FN:293,(anonymous_145)
FN:296,(anonymous_146)
FN:300,(anonymous_147)
FN:302,(anonymous_148)
FN:303,(anonymous_149)
FN:304,(anonymous_150)
FN:305,(anonymous_151)
FN:306,(anonymous_152)
FN:307,(anonymous_153)
FN:308,(anonymous_154)
FN:315,(anonymous_155)
FN:316,(anonymous_156)
FN:317,(anonymous_157)
FN:318,(anonymous_158)
FN:319,(anonymous_159)
FN:344,(anonymous_160)
FN:345,(anonymous_161)
FN:346,(anonymous_162)
FN:347,(anonymous_163)
FN:348,(anonymous_164)
FN:349,(anonymous_165)
FN:350,(anonymous_166)
FN:351,(anonymous_167)
FN:352,(anonymous_168)
FN:353,(anonymous_169)
FN:354,(anonymous_170)
FN:355,(anonymous_171)
FN:364,(anonymous_172)
FN:373,(anonymous_173)
FNF:174
FNH:19
FNDA:0,escapeMarkdown
FNDA:0,escapeMarkdownV2
FNDA:0,(anonymous_2)
FNDA:0,(anonymous_3)
FNDA:0,(anonymous_4)
FNDA:0,(anonymous_5)
FNDA:1,(anonymous_6)
FNDA:0,(anonymous_7)
FNDA:0,(anonymous_8)
FNDA:1,(anonymous_9)
FNDA:10,(anonymous_10)
FNDA:2,(anonymous_11)
FNDA:3,(anonymous_12)
FNDA:1,(anonymous_13)
FNDA:3,(anonymous_14)
FNDA:0,(anonymous_15)
FNDA:0,(anonymous_16)
FNDA:1,(anonymous_17)
FNDA:0,(anonymous_18)
FNDA:0,(anonymous_19)
FNDA:1,(anonymous_20)
FNDA:1,(anonymous_21)
FNDA:0,(anonymous_22)
FNDA:0,(anonymous_23)
FNDA:0,(anonymous_24)
FNDA:0,(anonymous_25)
FNDA:0,(anonymous_26)
FNDA:0,(anonymous_27)
FNDA:0,(anonymous_28)
FNDA:0,(anonymous_29)
FNDA:0,(anonymous_30)
FNDA:0,(anonymous_31)
FNDA:0,(anonymous_32)
FNDA:0,(anonymous_33)
FNDA:0,(anonymous_34)
FNDA:0,(anonymous_35)
FNDA:0,(anonymous_36)
FNDA:0,(anonymous_37)
FNDA:0,(anonymous_38)
FNDA:0,(anonymous_39)
FNDA:0,(anonymous_40)
FNDA:0,(anonymous_41)
FNDA:0,(anonymous_42)
FNDA:0,(anonymous_43)
FNDA:0,(anonymous_44)
FNDA:0,(anonymous_45)
FNDA:0,(anonymous_46)
FNDA:0,(anonymous_47)
FNDA:0,(anonymous_48)
FNDA:0,(anonymous_49)
FNDA:1,(anonymous_50)
FNDA:0,(anonymous_51)
FNDA:0,(anonymous_52)
FNDA:0,(anonymous_53)
FNDA:0,(anonymous_54)
FNDA:0,(anonymous_55)
FNDA:0,(anonymous_56)
FNDA:0,(anonymous_57)
FNDA:0,(anonymous_58)
FNDA:0,(anonymous_59)
FNDA:0,(anonymous_60)
FNDA:0,(anonymous_61)
FNDA:0,(anonymous_62)
FNDA:0,(anonymous_63)
FNDA:1,(anonymous_64)
FNDA:1,(anonymous_65)
FNDA:0,(anonymous_66)
FNDA:1,(anonymous_67)
FNDA:3,(anonymous_68)
FNDA:0,(anonymous_69)
FNDA:2,(anonymous_70)
FNDA:1,(anonymous_71)
FNDA:0,(anonymous_72)
FNDA:1,(anonymous_73)
FNDA:0,(anonymous_74)
FNDA:0,(anonymous_75)
FNDA:0,(anonymous_76)
FNDA:0,(anonymous_77)
FNDA:0,(anonymous_78)
FNDA:0,(anonymous_79)
FNDA:0,(anonymous_80)
FNDA:0,(anonymous_81)
FNDA:0,(anonymous_82)
FNDA:0,(anonymous_83)
FNDA:0,(anonymous_84)
FNDA:0,(anonymous_85)
FNDA:0,(anonymous_86)
FNDA:0,(anonymous_87)
FNDA:0,(anonymous_88)
FNDA:0,(anonymous_89)
FNDA:0,(anonymous_90)
FNDA:0,(anonymous_91)
FNDA:0,(anonymous_92)
FNDA:0,(anonymous_93)
FNDA:0,(anonymous_94)
FNDA:0,(anonymous_95)
FNDA:0,(anonymous_96)
FNDA:0,(anonymous_97)
FNDA:0,(anonymous_98)
FNDA:0,(anonymous_99)
FNDA:0,(anonymous_100)
FNDA:0,(anonymous_101)
FNDA:0,(anonymous_102)
FNDA:0,(anonymous_103)
FNDA:0,(anonymous_104)
FNDA:0,(anonymous_105)
FNDA:0,(anonymous_106)
FNDA:0,(anonymous_107)
FNDA:0,(anonymous_108)
FNDA:0,(anonymous_109)
FNDA:0,(anonymous_110)
FNDA:0,(anonymous_111)
FNDA:0,(anonymous_112)
FNDA:0,(anonymous_113)
FNDA:0,(anonymous_114)
FNDA:0,(anonymous_115)
FNDA:0,(anonymous_116)
FNDA:0,(anonymous_117)
FNDA:0,(anonymous_118)
FNDA:0,(anonymous_119)
FNDA:0,(anonymous_120)
FNDA:0,(anonymous_121)
FNDA:0,(anonymous_122)
FNDA:0,(anonymous_123)
FNDA:0,(anonymous_124)
FNDA:0,(anonymous_125)
FNDA:0,(anonymous_126)
FNDA:0,(anonymous_127)
FNDA:0,(anonymous_128)
FNDA:0,(anonymous_129)
FNDA:0,(anonymous_130)
FNDA:0,(anonymous_131)
FNDA:0,(anonymous_132)
FNDA:0,(anonymous_133)
FNDA:0,(anonymous_134)
FNDA:0,(anonymous_135)
FNDA:0,(anonymous_136)
FNDA:0,(anonymous_137)
FNDA:0,(anonymous_138)
FNDA:0,(anonymous_139)
FNDA:0,(anonymous_140)
FNDA:0,(anonymous_141)
FNDA:0,(anonymous_142)
FNDA:0,(anonymous_143)
FNDA:0,(anonymous_144)
FNDA:0,(anonymous_145)
FNDA:0,(anonymous_146)
FNDA:0,(anonymous_147)
FNDA:0,(anonymous_148)
FNDA:0,(anonymous_149)
FNDA:0,(anonymous_150)
FNDA:0,(anonymous_151)
FNDA:0,(anonymous_152)
FNDA:0,(anonymous_153)
FNDA:0,(anonymous_154)
FNDA:0,(anonymous_155)
FNDA:0,(anonymous_156)
FNDA:0,(anonymous_157)
FNDA:0,(anonymous_158)
FNDA:0,(anonymous_159)
FNDA:0,(anonymous_160)
FNDA:0,(anonymous_161)
FNDA:0,(anonymous_162)
FNDA:0,(anonymous_163)
FNDA:0,(anonymous_164)
FNDA:0,(anonymous_165)
FNDA:0,(anonymous_166)
FNDA:0,(anonymous_167)
FNDA:0,(anonymous_168)
FNDA:0,(anonymous_169)
FNDA:0,(anonymous_170)
FNDA:0,(anonymous_171)
FNDA:0,(anonymous_172)
FNDA:1,(anonymous_173)
DA:17,0
DA:19,0
DA:26,0
DA:27,0
DA:34,4
DA:36,0
DA:37,0
DA:38,0
DA:39,0
DA:42,1
DA:43,0
DA:46,0
DA:47,1
DA:49,10
DA:52,2
DA:53,3
DA:55,1
DA:56,3
DA:59,0
DA:60,0
DA:61,1
DA:64,0
DA:65,0
DA:66,1
DA:70,1
DA:71,0
DA:72,0
DA:75,0
DA:78,0
DA:79,0
DA:80,0
DA:81,0
DA:85,0
DA:86,0
DA:87,0
DA:90,0
DA:91,0
DA:93,0
DA:96,0
DA:99,0
DA:100,0
DA:101,0
DA:102,0
DA:103,0
DA:104,0
DA:105,0
DA:106,0
DA:107,0
DA:108,0
DA:109,0
DA:110,0
DA:113,0
DA:114,0
DA:116,1
DA:118,0
DA:121,0
DA:122,0
DA:123,0
DA:125,0
DA:126,0
DA:129,0
DA:130,0
DA:131,0
DA:132,0
DA:133,0
DA:134,0
DA:137,0
DA:157,4
DA:159,1
DA:162,1
DA:165,0
DA:166,1
DA:168,3
DA:171,0
DA:172,2
DA:173,1
DA:176,0
DA:177,1
DA:180,0
DA:193,0
DA:196,0
DA:197,0
DA:198,0
DA:199,0
DA:200,0
DA:201,0
DA:202,0
DA:203,0
DA:204,0
DA:205,0
DA:206,0
DA:207,0
DA:210,0
DA:211,0
DA:212,0
DA:214,0
DA:215,0
DA:216,0
DA:217,0
DA:218,0
DA:219,0
DA:220,0
DA:221,0
DA:222,0
DA:223,0
DA:226,0
DA:227,0
DA:230,0
DA:231,0
DA:232,0
DA:234,0
DA:235,0
DA:236,0
DA:238,0
DA:239,0
DA:240,0
DA:241,0
DA:244,0
DA:245,0
DA:246,0
DA:247,0
DA:248,0
DA:249,0
DA:252,0
DA:254,0
DA:256,0
DA:258,0
DA:260,0
DA:263,0
DA:264,0
DA:267,0
DA:268,0
DA:270,0
DA:271,0
DA:272,0
DA:273,0
DA:277,0
DA:278,0
DA:281,0
DA:282,0
DA:283,0
DA:284,0
DA:285,0
DA:286,0
DA:288,0
DA:289,0
DA:290,0
DA:291,0
DA:292,0
DA:293,0
DA:297,0
DA:301,0
DA:302,0
DA:303,0
DA:304,0
DA:305,0
DA:306,0
DA:307,0
DA:309,0
DA:314,4
DA:315,0
DA:316,0
DA:317,0
DA:318,0
DA:328,0
DA:337,0
DA:338,0
DA:340,0
DA:342,0
DA:344,0
DA:345,0
DA:346,0
DA:347,0
DA:348,0
DA:349,0
DA:350,0
DA:351,0
DA:352,0
DA:353,0
DA:354,0
DA:355,0
DA:362,4
DA:365,0
DA:372,4
DA:374,1
LF:185
LH:24
BRDA:17,0,0,0
BRDA:17,0,1,0
BRDA:26,1,0,0
BRDA:26,1,1,0
BRDA:85,2,0,0
BRDA:85,2,1,0
BRDA:85,3,0,0
BRDA:85,3,1,0
BRDA:118,4,0,0
BRDA:118,4,1,0
BRDA:125,5,0,0
BRDA:125,5,1,0
BRDA:214,6,0,0
BRDA:214,6,1,0
BRDA:214,7,0,0
BRDA:214,7,1,0
BRDA:214,8,0,0
BRDA:214,8,1,0
BRDA:214,9,0,0
BRDA:214,9,1,0
BRDA:215,10,0,0
BRDA:215,10,1,0
BRDA:216,11,0,0
BRDA:216,11,1,0
BRDA:217,12,0,0
BRDA:217,12,1,0
BRDA:218,13,0,0
BRDA:218,13,1,0
BRDA:219,14,0,0
BRDA:219,14,1,0
BRDA:220,15,0,0
BRDA:220,15,1,0
BRDA:234,16,0,0
BRDA:234,16,1,0
BRDA:234,17,0,0
BRDA:234,17,1,0
BRDA:238,18,0,0
BRDA:238,18,1,0
BRDA:238,19,0,0
BRDA:238,19,1,0
BRDA:238,20,0,0
BRDA:238,20,1,0
BRDA:239,21,0,0
BRDA:239,21,1,0
BRDA:260,22,0,0
BRDA:260,22,1,0
BRDA:270,23,0,0
BRDA:270,23,1,0
BRDA:297,24,0,0
BRDA:297,24,1,0
BRDA:297,25,0,0
BRDA:297,25,1,0
BRDA:297,26,0,0
BRDA:297,26,1,0
BRDA:297,27,0,0
BRDA:297,27,1,0
BRDA:300,28,0,0
BRDA:301,29,0,0
BRDA:301,29,1,0
BRDA:309,30,0,0
BRDA:309,30,1,0
BRDA:337,31,0,0
BRDA:337,31,1,0
BRDA:337,32,0,0
BRDA:337,32,1,0
BRF:65
BRH:0
end_of_record
TN:
SF:src/infra/http/server.ts
FN:21,verifyWebhookSecret
FN:33,buildServer
FN:44,(anonymous_2)
FN:59,(anonymous_3)
FN:65,(anonymous_4)
FN:80,(anonymous_5)
FN:95,(anonymous_6)
FNF:7
FNH:6
FNDA:6,verifyWebhookSecret
FNDA:2,buildServer
FNDA:0,(anonymous_2)
FNDA:1,(anonymous_3)
FNDA:2,(anonymous_4)
FNDA:2,(anonymous_5)
FNDA:2,(anonymous_6)
DA:25,6
DA:27,6
DA:29,0
DA:30,0
DA:37,2
DA:39,2
DA:44,2
DA:45,0
DA:54,0
DA:55,0
DA:59,2
DA:60,1
DA:65,2
DA:67,2
DA:68,0
DA:69,0
DA:72,2
DA:73,0
DA:76,2
DA:77,2
DA:80,2
DA:82,2
DA:83,0
DA:84,0
DA:87,2
DA:88,0
DA:91,2
DA:92,2
DA:95,2
DA:97,2
DA:98,0
DA:99,0
DA:102,2
DA:103,0
DA:106,2
DA:107,2
DA:110,2
LF:37
LH:23
BRDA:25,0,0,6
BRDA:25,0,1,0
BRDA:35,1,0,2
BRDA:37,2,0,2
BRDA:54,3,0,0
BRDA:54,3,1,0
BRDA:67,4,0,0
BRDA:67,4,1,2
BRDA:72,5,0,0
BRDA:72,5,1,2
BRDA:72,6,0,2
BRDA:72,6,1,2
BRDA:82,7,0,0
BRDA:82,7,1,2
BRDA:87,8,0,0
BRDA:87,8,1,2
BRDA:87,9,0,2
BRDA:87,9,1,2
BRDA:97,10,0,0
BRDA:97,10,1,2
BRDA:102,11,0,0
BRDA:102,11,1,2
BRDA:102,12,0,2
BRDA:102,12,1,2
BRF:24
BRH:15
end_of_record
TN:
SF:src/infra/telegram/webhooks.ts
FN:6,createTelegramWebhookHandlers
FN:12,(anonymous_1)
FN:20,(anonymous_2)
FN:28,(anonymous_3)
FNF:4
FNH:4
FNDA:1,createTelegramWebhookHandlers
FNDA:1,(anonymous_1)
FNDA:1,(anonymous_2)
FNDA:1,(anonymous_3)
DA:11,1
DA:13,1
DA:14,1
DA:16,0
DA:21,1
DA:22,1
DA:24,0
DA:29,1
DA:30,1
DA:32,0
LF:10
LH:7
BRF:0
BRH:0
end_of_record
TN:
SF:src/jobs/cleanup-carts.worker.ts
FN:13,expireIdleCarts
FNF:1
FNH:1
FNDA:2,expireIdleCarts
DA:17,2
DA:18,2
DA:20,2
DA:32,2
LF:4
LH:4
BRDA:17,0,0,2
BRDA:17,0,1,0
BRF:2
BRH:1
end_of_record
TN:
SF:src/jobs/send-invites.worker.ts
FN:32,processSendInvitesBatch
FNF:1
FNH:1
FNDA:2,processSendInvitesBatch
DA:36,2
DA:37,2
DA:40,2
DA:41,2
DA:43,2
DA:58,2
DA:60,2
DA:61,1
DA:63,1
DA:69,1
DA:70,1
DA:71,1
DA:72,0
DA:76,0
DA:78,1
DA:81,1
DA:84,0
DA:88,1
DA:89,1
DA:90,1
DA:92,1
DA:97,1
DA:100,1
DA:120,1
DA:126,1
DA:128,0
DA:132,2
LF:27
LH:23
BRDA:34,0,0,2
BRDA:47,1,0,2
BRDA:47,1,1,0
BRDA:47,2,0,2
BRDA:47,2,1,2
BRDA:66,3,0,1
BRDA:66,3,1,1
BRDA:71,4,0,0
BRDA:71,4,1,1
BRF:9
BRH:7
end_of_record
TN:
SF:src/services/bot-settings-service.ts
FN:16,(anonymous_0)
FN:18,(anonymous_1)
FN:28,(anonymous_2)
FN:36,(anonymous_3)
FN:48,(anonymous_4)
FN:57,(anonymous_5)
FN:70,(anonymous_6)
FNF:7
FNH:4
FNDA:2,(anonymous_0)
FNDA:4,(anonymous_1)
FNDA:0,(anonymous_2)
FNDA:0,(anonymous_3)
FNDA:2,(anonymous_4)
FNDA:2,(anonymous_5)
FNDA:0,(anonymous_6)
DA:7,1
DA:16,2
DA:19,4
DA:20,4
DA:21,4
DA:24,0
DA:29,0
DA:37,0
DA:38,0
DA:49,2
DA:50,2
DA:58,2
DA:59,2
DA:60,0
DA:61,0
DA:63,2
DA:71,0
DA:72,0
LF:18
LH:10
BRDA:21,0,0,4
BRDA:21,0,1,4
BRDA:50,1,0,2
BRDA:50,1,1,2
BRDA:50,1,2,2
BRDA:59,2,0,0
BRDA:59,2,1,2
BRDA:61,3,0,0
BRDA:61,3,1,0
BRDA:61,4,0,0
BRDA:61,4,1,0
BRDA:63,5,0,2
BRDA:63,5,1,0
BRDA:72,6,0,0
BRDA:72,6,1,0
BRF:15
BRH:7
end_of_record
TN:
SF:src/services/discount-service.ts
FN:30,(anonymous_0)
FN:32,(anonymous_1)
FN:35,(anonymous_2)
FN:140,(anonymous_3)
FN:152,(anonymous_4)
FN:153,(anonymous_5)
FN:156,(anonymous_6)
FN:157,(anonymous_7)
FN:160,(anonymous_8)
FN:172,(anonymous_9)
FNF:10
FNH:9
FNDA:1,(anonymous_0)
FNDA:0,(anonymous_1)
FNDA:6,(anonymous_2)
FNDA:2,(anonymous_3)
FNDA:6,(anonymous_4)
FNDA:6,(anonymous_5)
FNDA:6,(anonymous_6)
FNDA:6,(anonymous_7)
FNDA:4,(anonymous_8)
FNDA:6,(anonymous_9)
DA:31,1
DA:32,1
DA:39,6
DA:40,6
DA:42,6
DA:43,0
DA:51,6
DA:53,6
DA:64,6
DA:66,6
DA:67,4
DA:75,1
DA:78,3
DA:79,3
DA:81,3
DA:89,6
DA:91,6
DA:92,2
DA:103,2
DA:112,1
DA:113,1
DA:114,1
DA:122,1
DA:123,1
DA:124,1
DA:135,5
DA:140,6
DA:141,6
DA:142,6
DA:144,6
DA:153,6
DA:157,6
DA:161,4
DA:162,3
DA:165,1
DA:166,1
DA:169,0
DA:178,6
DA:180,6
DA:181,0
DA:184,6
DA:185,0
DA:189,6
DA:190,1
DA:194,1
DA:195,1
DA:198,0
DA:202,0
DA:203,0
DA:207,5
DA:208,1
DA:212,4
DA:213,2
DA:216,2
DA:220,2
LF:55
LH:48
BRDA:32,0,0,0
BRDA:42,1,0,0
BRDA:42,1,1,6
BRDA:42,2,0,6
BRDA:42,2,1,6
BRDA:67,3,0,1
BRDA:67,3,1,3
BRDA:79,4,0,0
BRDA:79,4,1,3
BRDA:83,5,0,3
BRDA:83,5,1,3
BRDA:85,6,0,4
BRDA:85,6,1,0
BRDA:91,7,0,2
BRDA:91,7,1,4
BRDA:91,8,0,6
BRDA:91,8,1,2
BRDA:103,9,0,1
BRDA:103,9,1,1
BRDA:104,10,0,2
BRDA:104,10,1,2
BRDA:113,11,0,1
BRDA:113,11,1,0
BRDA:116,12,0,1
BRDA:116,12,1,0
BRDA:118,13,0,1
BRDA:118,13,1,0
BRDA:122,14,0,1
BRDA:122,14,1,0
BRDA:137,15,0,0
BRDA:137,15,1,5
BRDA:161,16,0,3
BRDA:161,16,1,1
BRDA:165,17,0,1
BRDA:165,17,1,0
BRDA:180,18,0,0
BRDA:180,18,1,6
BRDA:180,19,0,6
BRDA:180,19,1,0
BRDA:184,20,0,0
BRDA:184,20,1,6
BRDA:184,21,0,6
BRDA:184,21,1,1
BRDA:189,22,0,1
BRDA:189,22,1,5
BRDA:189,23,0,6
BRDA:189,23,1,5
BRDA:194,24,0,1
BRDA:194,24,1,0
BRDA:194,25,0,1
BRDA:194,25,1,1
BRDA:202,26,0,0
BRDA:202,26,1,0
BRDA:202,27,0,0
BRDA:202,27,1,0
BRDA:207,28,0,1
BRDA:207,28,1,4
BRDA:212,29,0,2
BRDA:212,29,1,2
BRF:59
BRH:41
end_of_record
TN:
SF:src/services/invite-service.ts
FN:9,(anonymous_0)
FN:16,(anonymous_1)
FN:32,(anonymous_2)
FN:35,(anonymous_3)
FN:38,(anonymous_4)
FNF:5
FNH:3
FNDA:0,(anonymous_0)
FNDA:1,(anonymous_1)
FNDA:1,(anonymous_2)
FNDA:0,(anonymous_3)
FNDA:3,(anonymous_4)
DA:10,0
DA:11,0
DA:17,1
DA:18,1
DA:33,1
DA:34,1
DA:35,1
DA:41,3
DA:43,3
DA:48,3
DA:49,0
DA:52,3
DA:53,1
DA:56,2
DA:57,1
DA:62,1
DA:66,1
DA:68,1
DA:88,1
LF:19
LH:16
BRDA:9,0,0,0
BRDA:16,1,0,1
BRDA:35,2,0,0
BRDA:48,3,0,0
BRDA:48,3,1,3
BRDA:52,4,0,1
BRDA:52,4,1,2
BRDA:56,5,0,1
BRDA:56,5,1,1
BRF:9
BRH:6
end_of_record
TN:
SF:src/services/order-service.ts
FN:5,(anonymous_0)
FN:12,(anonymous_1)
FN:19,(anonymous_2)
FN:39,(anonymous_3)
FN:41,(anonymous_4)
FN:44,(anonymous_5)
FN:47,(anonymous_6)
FN:65,(anonymous_7)
FN:69,(anonymous_8)
FN:97,(anonymous_9)
FN:102,(anonymous_10)
FN:117,(anonymous_11)
FN:143,(anonymous_12)
FNF:13
FNH:10
FNDA:0,(anonymous_0)
FNDA:0,(anonymous_1)
FNDA:1,(anonymous_2)
FNDA:2,(anonymous_3)
FNDA:0,(anonymous_4)
FNDA:4,(anonymous_5)
FNDA:4,(anonymous_6)
FNDA:4,(anonymous_7)
FNDA:4,(anonymous_8)
FNDA:3,(anonymous_9)
FNDA:1,(anonymous_10)
FNDA:3,(anonymous_11)
FNDA:1,(anonymous_12)
DA:6,0
DA:7,0
DA:13,0
DA:14,0
DA:20,1
DA:21,1
DA:40,2
DA:41,2
DA:45,4
DA:47,4
DA:48,4
DA:53,4
DA:54,0
DA:57,4
DA:58,0
DA:61,4
DA:62,0
DA:65,4
DA:66,4
DA:69,4
DA:71,4
DA:72,4
DA:73,4
DA:74,0
DA:77,4
DA:78,1
DA:84,3
DA:85,3
DA:86,3
DA:87,3
DA:88,3
DA:92,3
DA:96,3
DA:97,3
DA:101,3
DA:102,1
DA:105,3
DA:106,3
DA:108,3
DA:117,3
DA:141,3
DA:142,1
DA:143,1
DA:152,3
DA:157,3
LF:45
LH:37
BRDA:5,0,0,0
BRDA:12,1,0,0
BRDA:19,2,0,1
BRDA:41,3,0,0
BRDA:53,4,0,0
BRDA:53,4,1,4
BRDA:53,5,0,4
BRDA:53,5,1,4
BRDA:57,6,0,0
BRDA:57,6,1,4
BRDA:61,7,0,0
BRDA:61,7,1,4
BRDA:73,8,0,0
BRDA:73,8,1,4
BRDA:73,9,0,4
BRDA:73,9,1,4
BRDA:77,10,0,1
BRDA:77,10,1,3
BRDA:77,11,0,4
BRDA:77,11,1,4
BRDA:86,12,0,3
BRDA:86,12,1,0
BRDA:141,13,0,1
BRDA:141,13,1,2
BRF:24
BRH:16
end_of_record
TN:
SF:src/utils/cart-display.ts
FN:20,buildCartDisplay
FN:21,(anonymous_1)
FN:28,(anonymous_2)
FN:33,(anonymous_3)
FNF:4
FNH:4
FNDA:2,buildCartDisplay
FNDA:2,(anonymous_1)
FNDA:2,(anonymous_2)
FNDA:2,(anonymous_3)
DA:21,2
DA:27,2
DA:28,2
DA:32,2
DA:33,2
DA:34,2
DA:35,2
DA:37,2
DA:39,2
LF:9
LH:9
BRF:0
BRH:0
end_of_record
TN:
SF:src/utils/order-status.ts
FN:6,orderStatusLabel
FNF:1
FNH:1
FNDA:14,orderStatusLabel
DA:7,14
DA:9,2
DA:11,2
DA:13,2
DA:15,2
DA:17,2
DA:19,2
DA:21,2
DA:23,0
LF:9
LH:8
BRDA:7,0,0,2
BRDA:7,0,1,2
BRDA:7,0,2,2
BRDA:7,0,3,2
BRDA:7,0,4,2
BRDA:7,0,5,2
BRDA:7,0,6,2
BRDA:7,0,7,0
BRF:8
BRH:7
end_of_record
TN:
SF:src/utils/referral-utils.ts
FN:9,generateReferralCode
FN:22,createReferralCodeWithRetry
FNF:2
FNH:1
FNDA:122,generateReferralCode
FNDA:0,createReferralCodeWithRetry
DA:10,122
DA:11,122
DA:12,122
DA:13,122
DA:14,1054
DA:16,122
DA:34,0
DA:35,0
DA:36,0
DA:37,0
DA:46,0
DA:48,0
DA:53,0
DA:54,0
DA:58,0
DA:60,0
DA:63,0
LF:17
LH:6
BRDA:9,0,0,122
BRDA:9,1,0,122
BRDA:32,2,0,0
BRDA:35,3,0,0
BRDA:35,3,1,0
BRDA:35,4,0,0
BRDA:35,4,1,0
BRDA:40,5,0,0
BRDA:40,5,1,0
BRDA:41,6,0,0
BRDA:41,6,1,0
BRDA:42,7,0,0
BRDA:42,7,1,0
BRDA:43,8,0,0
BRDA:43,8,1,0
BRDA:48,9,0,0
BRDA:48,9,1,0
BRDA:49,10,0,0
BRDA:49,10,1,0
BRDA:49,10,2,0
BRDA:53,11,0,0
BRDA:53,11,1,0
BRF:22
BRH:2
end_of_record
TN:
SF:src/utils/session-store.ts
FN:17,(anonymous_0)
FN:21,(anonymous_1)
FN:28,(anonymous_2)
FN:32,(anonymous_3)
FN:36,(anonymous_4)
FN:41,(anonymous_5)
FNF:6
FNH:6
FNDA:7,(anonymous_0)
FNDA:7,(anonymous_1)
FNDA:7,(anonymous_2)
FNDA:1,(anonymous_3)
FNDA:1,(anonymous_4)
FNDA:8,(anonymous_5)
DA:6,1
DA:14,7
DA:18,7
DA:22,7
DA:23,7
DA:24,7
DA:25,3
DA:29,7
DA:33,1
DA:37,1
DA:38,1
DA:42,8
DA:43,8
DA:44,7
DA:45,2
LF:15
LH:15
BRDA:17,0,0,7
BRDA:24,1,0,4
BRDA:24,1,1,3
BRDA:44,2,0,2
BRDA:44,2,1,5
BRF:5
BRH:5
end_of_record
